[dotenv@17.2.3] injecting env (7) from .env.local -- tip: ⚙️  write to custom object with { processEnv: myObject }
[dotenv@17.2.3] injecting env (0) from .env -- tip: 🔄 add secrets lifecycle management: https://dotenvx.com/ops
Testing end-to-end indexing...

1. Indexing test.md...
Indexing file: /home/rboskind/code/rob_rag/documents/test.md
File /home/rboskind/code/rob_rag/documents/test.md is already up to date.
✓ File indexed successfully

2. Searching for "RAG system"...
[Embedding] Generating for text: RAG system...
[Embedding] Result length: 1024
[Embedding] First 5 values: [
  -0.016120480373501778,
  0.023760857060551643,
  0.025207161903381348,
  -0.012180237099528313,
  -0.030960330739617348
]
[Embedding] Sum: -0.25308843341463216
[Embedding] All zeros? false
Error searching: ApiError: Not Found
    at Object.fun [as searchPoints] (/home/rboskind/code/rob_rag/node_modules/.pnpm/@qdrant+openapi-typescript-fetch@1.2.6/node_modules/@qdrant/openapi-typescript-fetch/dist/cjs/fetcher.js:172:23)
    at process.processTicksAndRejections (node:internal/process/task_queues:105:5)
    at async QdrantClient.search (/home/rboskind/code/rob_rag/node_modules/.pnpm/@qdrant+js-client-rest@1.16.0_typescript@5.9.3/node_modules/@qdrant/js-client-rest/dist/cjs/qdrant-client.js:170:26)
    at async search (/home/rboskind/code/rob_rag/lib/retrieval.ts:14:30)
    at async testIndexing (/home/rboskind/code/rob_rag/scripts/test-indexing.ts:17:25) {
  headers: Headers {
    'transfer-encoding': 'chunked',
    'content-type': 'application/json',
    vary: 'accept-encoding, Origin, Access-Control-Request-Method, Access-Control-Request-Headers',
    'content-encoding': 'gzip',
    date: 'Fri, 21 Nov 2025 13:30:07 GMT'
  },
  url: 'http://10.0.0.50:4344/collections/documents/points/search',
  status: 404,
  statusText: 'Not Found',
  data: {
    status: { error: "Not found: Collection `documents` doesn't exist!" },
    time: 0.00000159
  }
}
✓ Found 0 results:

✓ All tests passed!
