[dotenv@17.2.3] injecting env (7) from .env.local -- tip: ⚙️  override existing env vars with { override: true }
[dotenv@17.2.3] injecting env (0) from .env -- tip: 🔄 add secrets lifecycle management: https://dotenvx.com/ops
Inspecting Qdrant collection...

Collection info: {
  "status": "green",
  "optimizer_status": "ok",
  "indexed_vectors_count": 0,
  "points_count": 19,
  "segments_count": 8,
  "config": {
    "params": {
      "vectors": {
        "size": 256,
        "distance": "Cosine"
      },
      "shard_number": 1,
      "replication_factor": 1,
      "write_consistency_factor": 1,
      "on_disk_payload": true
    },
    "hnsw_config": {
      "m": 16,
      "ef_construct": 100,
      "full_scan_threshold": 10000,
      "max_indexing_threads": 0,
      "on_disk": false
    },
    "optimizer_config": {
      "deleted_threshold": 0.2,
      "vacuum_min_vector_number": 1000,
      "default_segment_number": 0,
      "max_segment_size": null,
      "memmap_threshold": null,
      "indexing_threshold": 10000,
      "flush_interval_sec": 5,
      "max_optimization_threads": null
    },
    "wal_config": {
      "wal_capacity_mb": 32,
      "wal_segments_ahead": 0,
      "wal_retain_closed": 1
    },
    "quantization_config": null
  },
  "payload_schema": {}
}

Sample points:

Point 1:
  ID: 03edc150-93dc-4a84-8e15-d9ca0819e1af
  File: rag-implementation-plan.md
  Vector length: 256
  Vector sample (first 5): [ 0, 0, 0, 0, 0 ]

Point 2:
  ID: 17af1aeb-2a8a-4285-aeac-15952121990a
  File: rag-implementation-plan.md
  Vector length: 256
  Vector sample (first 5): [ 0, 0, 0, 0, 0 ]
